<?xml version="1.0" encoding="UTF-8"?>
<!-- Generated by org.testng.reporters.JUnitReportReporter -->
<testsuite hostname="INP-PF3B0L19-LT" failures="0" tests="1" name="javaselenium.Demoqa" time="8.616" errors="0" timestamp="2022-09-10T00:35:41 IST" skipped="0">
  <testcase classname="javaselenium.Demoqa" name="test02" time="8.616"/>
  <system-out/>
</testsuite> <!-- javaselenium.Demoqa -->
