<?xml version="1.0" encoding="UTF-8"?>
<!-- Generated by org.testng.reporters.JUnitReportReporter -->
<testsuite hostname="INP-PF3B0L19-LT" failures="0" tests="1" name="javaselenium.WindowHandlesDemo" time="13.973" errors="0" timestamp="2022-09-23T22:10:50 IST" skipped="0">
  <testcase classname="javaselenium.WindowHandlesDemo" name="newWebPopUpHandlesTest" time="13.973"/>
  <system-out/>
</testsuite> <!-- javaselenium.WindowHandlesDemo -->
