<?xml version="1.0" encoding="UTF-8"?>
<!-- Generated by org.testng.reporters.JUnitReportReporter -->
<testsuite hostname="INP-PF3B0L19-LT" failures="0" tests="1" name="javaselenium.JavaScriptAlerts" time="23.114" errors="0" timestamp="2022-09-22T21:45:14 IST" skipped="0">
  <testcase classname="javaselenium.JavaScriptAlerts" name="javaAlertTest2" time="23.114"/>
  <system-out/>
</testsuite> <!-- javaselenium.JavaScriptAlerts -->
