<?xml version="1.0" encoding="UTF-8"?>
<!-- Generated by org.testng.reporters.JUnitReportReporter -->
<testsuite hostname="INP-PF3B0L19-LT" failures="0" tests="1" name="javaselenium.MouseActions" time="95.816" errors="0" timestamp="2022-09-26T21:48:35 IST" skipped="0">
  <testcase classname="javaselenium.MouseActions" name="selectMultipleValues" time="95.816"/>
  <system-out/>
</testsuite> <!-- javaselenium.MouseActions -->
