<?xml version="1.0" encoding="UTF-8"?>
<!-- Generated by org.testng.reporters.JUnitReportReporter -->
<testsuite hostname="INP-PF3B0L19-LT" failures="0" tests="1" name="javaselenium.SelectDropDownDemo" time="12.536" errors="0" timestamp="2022-09-19T20:51:13 IST" skipped="0">
  <testcase classname="javaselenium.SelectDropDownDemo" name="selectValuyeByVisibleText2" time="12.536"/>
  <system-out/>
</testsuite> <!-- javaselenium.SelectDropDownDemo -->
