<?xml version="1.0" encoding="UTF-8"?>
<!-- Generated by org.testng.reporters.JUnitReportReporter -->
<testsuite hostname="INP-PF3B0L19-LT" failures="0" tests="1" name="javaselenium.TestTestNG02" time="27.115" errors="0" timestamp="2022-09-07T21:50:33 IST" skipped="0">
  <testcase classname="javaselenium.TestTestNG02" name="googleSearch" time="27.115"/>
  <system-out/>
</testsuite> <!-- javaselenium.TestTestNG02 -->
