<?xml version="1.0" encoding="UTF-8"?>
<!-- Generated by org.testng.reporters.JUnitReportReporter -->
<testsuite hostname="INP-PF3B0L19-LT" failures="0" tests="2" name="javaselenium.WebTable" time="29.956" errors="0" timestamp="2022-09-21T22:06:00 IST" skipped="0">
  <testcase classname="javaselenium.WebTable" name="getWebTableSecondColumnData" time="15.913"/>
  <system-out/>
  <testcase classname="javaselenium.WebTable" name="getWebTableData" time="14.043"/>
  <system-out/>
</testsuite> <!-- javaselenium.WebTable -->
