<?xml version="1.0" encoding="UTF-8"?>
<!-- Generated by org.testng.reporters.JUnitReportReporter -->
<testsuite hostname="INP-PF3B0L19-LT" failures="0" tests="1" name="javaselenium.WindowsHandleDemo" time="28.371" errors="0" timestamp="2022-09-23T21:00:10 IST" skipped="0">
  <testcase classname="javaselenium.WindowsHandleDemo" name="getWebTableData" time="28.371"/>
  <system-out/>
</testsuite> <!-- javaselenium.WindowsHandleDemo -->
